[30Dec2020 00:03:34.140] [Server thread/INFO] [net.minecraft.server.dedicated.DedicatedServer/]: pasadinhas has made the advancement [Suit Up]
[30Dec2020 00:19:46.392] [Server thread/INFO] [FTB Utilities Backups/]: Server Backup started!
[30Dec2020 00:19:46.392] [Server thread/INFO] [net.minecraft.server.dedicated.DedicatedServer/]: Server Backup started!
[30Dec2020 00:19:46.435] [Thread-157/INFO] [FTB Utilities Backups/]: Backing up 99 files...
[30Dec2020 00:19:46.437] [Thread-157/INFO] [FTB Utilities Backups/]: Compressing 99 files...
[30Dec2020 00:19:48.282] [Thread-157/INFO] [FTB Utilities Backups/]: Done compressing in 00:01 seconds (40.4MB)!
[30Dec2020 00:19:48.282] [Thread-157/INFO] [FTB Utilities Backups/]: Created C:\Users\migue\Downloads\Valhelsia_SERVER-3.1.2\backups\2020-12-30-00-19-46.zip from C:\Users\migue\Downloads\Valhelsia_SERVER-3.1.2\world
[30Dec2020 00:19:48.292] [Thread-157/INFO] [net.minecraft.server.dedicated.DedicatedServer/]: Server backup done in 00:01! (40.4MB)
[30Dec2020 00:31:39.495] [Server thread/INFO] [net.minecraft.server.dedicated.DedicatedServer/]: pasadinhas has made the advancement [Amateur Archaeologist]
[30Dec2020 00:33:35.546] [Server thread/INFO] [net.minecraft.server.dedicated.DedicatedServer/]: pasadinhas has made the advancement [Not Today, Thank You]
[30Dec2020 00:54:20.738] [Server thread/INFO] [net.minecraft.server.dedicated.DedicatedServer/]: pasadinhas has made the advancement [Isn't It Iron Pick]
[30Dec2020 00:56:28.190] [Server thread/INFO] [net.minecraft.server.dedicated.DedicatedServer/]: pasadinhas has made the advancement [Basic Tinkering]
[30Dec2020 01:00:04.987] [Server thread/INFO] [net.minecraft.server.dedicated.DedicatedServer/]: pasadinhas has made the advancement [Best Friends Forever]
[30Dec2020 01:13:13.129] [Server thread/INFO] [net.minecraft.server.dedicated.DedicatedServer/]: Bukjir has made the advancement [A Seedy Place]
[30Dec2020 01:15:45.592] [Server thread/INFO] [net.minecraft.server.dedicated.DedicatedServer/]: pasadinhas was shot by Baby Skeleton
[30Dec2020 01:15:53.197] [Netty Server IO #10/ERROR] [net.minecraft.command.arguments.ArgumentTypes/]: Could not serialize com.ldtteam.structurize.commands.arguments.MultipleStringArgument@1dd5ecb9 (class com.ldtteam.structurize.commands.arguments.MultipleStringArgument) - will not be sent to client!
[30Dec2020 01:17:03.530] [Server thread/INFO] [net.minecraft.server.dedicated.DedicatedServer/]: pasadinhas fell from a high place
[30Dec2020 01:17:09.067] [Netty Server IO #10/ERROR] [net.minecraft.command.arguments.ArgumentTypes/]: Could not serialize com.ldtteam.structurize.commands.arguments.MultipleStringArgument@1dd5ecb9 (class com.ldtteam.structurize.commands.arguments.MultipleStringArgument) - will not be sent to client!
[30Dec2020 01:23:27.470] [Server thread/INFO] [net.minecraft.server.dedicated.DedicatedServer/]: Bukjir has made the advancement [Acquire Hardware]
[30Dec2020 01:23:42.493] [Server thread/INFO] [net.minecraft.server.dedicated.DedicatedServer/]: Bukjir has made the advancement [Isn't It Iron Pick]
[30Dec2020 01:28:04.541] [Server thread/WARN] [net.minecraft.world.server.ServerWorld/]: Trying to add entity with duplicated UUID 6e081851-c387-4d6d-ab54-81dfa48ef69f. Existing quark:frog#15179, new: quark:frog#15179
[30Dec2020 01:58:07.240] [Server thread/INFO] [net.minecraft.server.dedicated.DedicatedServer/]: pasadinhas has made the advancement [Hot Stuff]
[30Dec2020 01:58:34.438] [Server thread/WARN] [net.minecraft.world.server.ServerWorld/]: Trying to add entity with duplicated UUID 66f92078-6221-4507-b97c-ff7e48ff5fd0. Existing quark:frog#16530, new: quark:frog#16530
[30Dec2020 02:07:22.300] [Server thread/INFO] [net.minecraft.server.dedicated.DedicatedServer/]: Bukjir has made the advancement [That's No Carrot...]
[30Dec2020 02:19:46.443] [Server thread/INFO] [FTB Utilities Backups/]: Server Backup started!
[30Dec2020 02:19:46.443] [Server thread/INFO] [net.minecraft.server.dedicated.DedicatedServer/]: Server Backup started!
[30Dec2020 02:19:46.492] [Thread-220/INFO] [FTB Utilities Backups/]: Backing up 113 files...
[30Dec2020 02:19:46.494] [Thread-220/INFO] [FTB Utilities Backups/]: Compressing 113 files...
[30Dec2020 02:19:49.842] [Thread-220/INFO] [FTB Utilities Backups/]: Done compressing in 00:03 seconds (75.2MB)!
[30Dec2020 02:19:49.842] [Thread-220/INFO] [FTB Utilities Backups/]: Created C:\Users\migue\Downloads\Valhelsia_SERVER-3.1.2\backups\2020-12-30-02-19-46.zip from C:\Users\migue\Downloads\Valhelsia_SERVER-3.1.2\world
[30Dec2020 02:19:49.846] [Thread-220/INFO] [net.minecraft.server.dedicated.DedicatedServer/]: Server backup done in 00:03! (75.2MB | 115.6MB)
[30Dec2020 02:38:04.043] [Server thread/INFO] [net.minecraft.server.dedicated.DedicatedServer/]: Bukjir has made the advancement [Hollow Solids]
[30Dec2020 02:40:24.906] [Server thread/INFO] [net.minecraft.server.dedicated.DedicatedServer/]: Bukjir has made the advancement [Sobriety Test]
[30Dec2020 02:40:48.193] [Server thread/INFO] [net.minecraft.server.dedicated.DedicatedServer/]: pasadinhas has made the advancement [Hollow Solids]
[30Dec2020 02:49:02.652] [Server thread/INFO] [randompatches/]: Changing UUID of duplicate entity minecraft:iron_golem from 0beb6478-bc7d-4276-b9db-3fc6fc4bc221 to 56c6329a-98a1-4656-b8a5-84fba087627c
[30Dec2020 02:49:02.653] [Server thread/INFO] [randompatches/]: Changing UUID of duplicate entity minecraft:villager from e11df817-25a3-4028-85dd-81edd894c8ca to 49405e5b-04c0-4bbe-88f1-5945991ed7ff
[30Dec2020 02:49:21.942] [Server thread/INFO] [net.minecraft.server.dedicated.DedicatedServer/]: Bukjir was slain by Zombie
[30Dec2020 02:49:26.323] [Netty Server IO #12/ERROR] [net.minecraft.command.arguments.ArgumentTypes/]: Could not serialize com.ldtteam.structurize.commands.arguments.MultipleStringArgument@1dd5ecb9 (class com.ldtteam.structurize.commands.arguments.MultipleStringArgument) - will not be sent to client!
[30Dec2020 02:52:23.996] [Server thread/INFO] [randompatches/]: Changing UUID of duplicate entity minecraft:iron_golem from 0beb6478-bc7d-4276-b9db-3fc6fc4bc221 to bea64e44-cba3-4d0b-956e-da6806aadee9
[30Dec2020 02:52:23.996] [Server thread/INFO] [randompatches/]: Changing UUID of duplicate entity minecraft:villager from e11df817-25a3-4028-85dd-81edd894c8ca to 054eedf4-d233-4db0-a6aa-4df1591a6c4e
[30Dec2020 03:03:03.462] [Server thread/INFO] [net.minecraft.server.dedicated.DedicatedServer/]: pasadinhas has made the advancement [Sobriety Test]
[30Dec2020 03:06:16.029] [Server thread/INFO] [net.minecraft.server.dedicated.DedicatedServer/]: Bukjir blew up
[30Dec2020 03:06:17.588] [Server thread/INFO] [net.minecraft.network.play.ServerPlayNetHandler/]: pasadinhas lost connection: Disconnected
[30Dec2020 03:06:17.589] [Server thread/INFO] [net.minecraft.server.dedicated.DedicatedServer/]: pasadinhas left the game
[30Dec2020 03:06:22.962] [Netty Server IO #12/ERROR] [net.minecraft.command.arguments.ArgumentTypes/]: Could not serialize com.ldtteam.structurize.commands.arguments.MultipleStringArgument@1dd5ecb9 (class com.ldtteam.structurize.commands.arguments.MultipleStringArgument) - will not be sent to client!
[30Dec2020 03:14:06.921] [Netty Server IO #17/INFO] [codechicken.lib.config.ConfigSyncManager/]: Skipping config sync, No mods have registered a syncable config.
[30Dec2020 03:14:07.504] [User Authenticator #6/INFO] [net.minecraft.network.login.ServerLoginNetHandler/]: UUID of player pasadinhas is b9669fc1-c7b5-408a-a1c3-b78aa3e16e55
[30Dec2020 03:14:20.514] [Server thread/INFO] [net.minecraftforge.common.AdvancementLoadFix/]: Using new advancement loading for net.minecraft.advancements.PlayerAdvancements@4941eae3
[30Dec2020 03:14:20.535] [Server thread/INFO] [net.minecraft.server.management.PlayerList/]: pasadinhas[/127.0.0.1:52344] logged in with entity id 21870 at (-254.14992709730973, 11.0, 2032.643224343463)
[30Dec2020 03:14:20.542] [Server thread/INFO] [net.minecraft.server.dedicated.DedicatedServer/]: pasadinhas joined the game
[30Dec2020 03:14:20.574] [Server thread/INFO] [Waila/]: Syncing config to pasadinhas (b9669fc1-c7b5-408a-a1c3-b78aa3e16e55)
[30Dec2020 03:14:20.576] [Server thread/INFO] [se.mickelus.tetra.data.DataManager/]: Sending data to client: pasadinhas
[30Dec2020 03:14:20.745] [Netty Server IO #17/ERROR] [net.minecraft.command.arguments.ArgumentTypes/]: Could not serialize com.ldtteam.structurize.commands.arguments.MultipleStringArgument@1dd5ecb9 (class com.ldtteam.structurize.commands.arguments.MultipleStringArgument) - will not be sent to client!
[30Dec2020 03:15:32.607] [Server thread/INFO] [net.minecraft.network.play.ServerPlayNetHandler/]: pasadinhas lost connection: Disconnected
[30Dec2020 03:15:32.607] [Server thread/INFO] [net.minecraft.server.dedicated.DedicatedServer/]: pasadinhas left the game
[30Dec2020 03:19:09.900] [Netty Server IO #20/INFO] [codechicken.lib.config.ConfigSyncManager/]: Skipping config sync, No mods have registered a syncable config.
[30Dec2020 03:19:10.706] [User Authenticator #7/INFO] [net.minecraft.network.login.ServerLoginNetHandler/]: UUID of player pasadinhas is b9669fc1-c7b5-408a-a1c3-b78aa3e16e55
[30Dec2020 03:19:23.401] [Server thread/INFO] [net.minecraftforge.common.AdvancementLoadFix/]: Using new advancement loading for net.minecraft.advancements.PlayerAdvancements@9f5a37f
[30Dec2020 03:19:23.412] [Server thread/INFO] [net.minecraft.server.management.PlayerList/]: pasadinhas[/127.0.0.1:52791] logged in with entity id 22334 at (-254.14992709730973, 11.0, 2032.643224343463)
[30Dec2020 03:19:23.417] [Server thread/INFO] [net.minecraft.server.dedicated.DedicatedServer/]: pasadinhas joined the game
[30Dec2020 03:19:23.441] [Server thread/INFO] [Waila/]: Syncing config to pasadinhas (b9669fc1-c7b5-408a-a1c3-b78aa3e16e55)
[30Dec2020 03:19:23.442] [Server thread/INFO] [se.mickelus.tetra.data.DataManager/]: Sending data to client: pasadinhas
[30Dec2020 03:19:23.587] [Netty Server IO #20/ERROR] [net.minecraft.command.arguments.ArgumentTypes/]: Could not serialize com.ldtteam.structurize.commands.arguments.MultipleStringArgument@1dd5ecb9 (class com.ldtteam.structurize.commands.arguments.MultipleStringArgument) - will not be sent to client!
[30Dec2020 03:27:53.358] [Server thread/INFO] [net.minecraft.server.dedicated.DedicatedServer/]: pasadinhas has made the advancement [Diamonds!]
[30Dec2020 03:31:45.643] [Server thread/INFO] [net.minecraft.server.dedicated.DedicatedServer/]: pasadinhas has made the advancement [Ice Bucket Challenge]
[30Dec2020 03:32:21.937] [Server thread/INFO] [STDOUT/]: [com.mrcrayfish.goblintraders.world.spawner.GoblinTraderSpawner:findGround:165]: minecraft:air
[30Dec2020 03:40:19.295] [Server thread/INFO] [net.minecraft.server.dedicated.DedicatedServer/]: pasadinhas has made the advancement [Sky of Beginning]
[30Dec2020 03:44:07.464] [Server thread/INFO] [net.minecraft.server.dedicated.DedicatedServer/]: Bukjir has made the advancement [Diamonds!]
[30Dec2020 03:45:40.294] [Server thread/INFO] [net.minecraft.server.dedicated.DedicatedServer/]: Bukjir has made the advancement [Ice Bucket Challenge]
[30Dec2020 03:52:49.988] [Server thread/INFO] [net.minecraft.server.dedicated.DedicatedServer/]: Bukjir has made the advancement [Best Friends Forever]
[30Dec2020 03:56:18.342] [Server thread/WARN] [net.minecraft.network.play.ServerPlayNetHandler/]: Donkey (vehicle of pasadinhas) moved wrongly! 0.30102363017783773
[30Dec2020 03:56:57.020] [Server thread/WARN] [net.minecraft.network.play.ServerPlayNetHandler/]: Horse (vehicle of Bukjir) moved wrongly! 0.3102763791951588
[30Dec2020 03:56:57.119] [Server thread/WARN] [net.minecraft.network.play.ServerPlayNetHandler/]: Horse (vehicle of Bukjir) moved wrongly! 0.3710585117183314
[30Dec2020 03:56:57.214] [Server thread/WARN] [net.minecraft.network.play.ServerPlayNetHandler/]: Horse (vehicle of Bukjir) moved wrongly! 0.4373143439765954
[30Dec2020 03:56:57.321] [Server thread/WARN] [net.minecraft.network.play.ServerPlayNetHandler/]: Horse (vehicle of Bukjir) moved wrongly! 0.4984239602350726
[30Dec2020 03:56:57.422] [Server thread/WARN] [net.minecraft.network.play.ServerPlayNetHandler/]: Horse (vehicle of Bukjir) moved wrongly! 0.4617506720597362
[30Dec2020 03:56:57.723] [Server thread/WARN] [net.minecraft.network.play.ServerPlayNetHandler/]: Horse (vehicle of Bukjir) moved wrongly! 0.2837855831262459
[30Dec2020 03:56:57.756] [Server thread/WARN] [net.minecraft.network.play.ServerPlayNetHandler/]: Horse (vehicle of Bukjir) moved wrongly! 0.3477293598044753
[30Dec2020 03:56:57.871] [Server thread/WARN] [net.minecraft.network.play.ServerPlayNetHandler/]: Horse (vehicle of Bukjir) moved wrongly! 0.34752076128535236
[30Dec2020 03:56:57.972] [Server thread/WARN] [net.minecraft.network.play.ServerPlayNetHandler/]: Horse (vehicle of Bukjir) moved wrongly! 0.36962589337622376
[30Dec2020 03:59:29.349] [Server thread/WARN] [net.minecraft.network.play.ServerPlayNetHandler/]: Horse (vehicle of Bukjir) moved wrongly! 0.3651444580311818
[30Dec2020 03:59:29.449] [Server thread/WARN] [net.minecraft.network.play.ServerPlayNetHandler/]: Horse (vehicle of Bukjir) moved wrongly! 0.42102583891977474
[30Dec2020 03:59:29.558] [Server thread/WARN] [net.minecraft.network.play.ServerPlayNetHandler/]: Horse (vehicle of Bukjir) moved wrongly! 0.48694370226905903
[30Dec2020 03:59:29.802] [Server thread/WARN] [net.minecraft.network.play.ServerPlayNetHandler/]: Horse (vehicle of Bukjir) moved wrongly! 0.2524406128476926
[30Dec2020 03:59:29.902] [Server thread/WARN] [net.minecraft.network.play.ServerPlayNetHandler/]: Horse (vehicle of Bukjir) moved wrongly! 0.31899220342432955
[30Dec2020 03:59:29.998] [Server thread/WARN] [net.minecraft.network.play.ServerPlayNetHandler/]: Horse (vehicle of Bukjir) moved wrongly! 0.38501731747442136
[30Dec2020 03:59:30.117] [Server thread/WARN] [net.minecraft.network.play.ServerPlayNetHandler/]: Horse (vehicle of Bukjir) moved wrongly! 0.4503456422596628
[30Dec2020 04:04:00.012] [Worker-Main-1949/WARN] [net.minecraft.entity.ai.attributes.AttributeModifierManager/]: Ignoring unknown attribute 'forge.swimSpeed'
[30Dec2020 04:04:00.012] [Worker-Main-1949/WARN] [net.minecraft.entity.ai.attributes.AttributeModifierManager/]: Ignoring unknown attribute 'forge.nameTagDistance'
[30Dec2020 04:04:00.016] [Worker-Main-1949/WARN] [net.minecraft.entity.ai.attributes.AttributeModifierManager/]: Ignoring unknown attribute 'forge.entity_gravity'
[30Dec2020 04:13:29.568] [Server thread/INFO] [net.minecraft.server.dedicated.DedicatedServer/]: <pasadinhas> 240 1618
[30Dec2020 04:19:46.494] [Server thread/INFO] [FTB Utilities Backups/]: Server Backup started!
[30Dec2020 04:19:46.495] [Server thread/INFO] [net.minecraft.server.dedicated.DedicatedServer/]: Server Backup started!
[30Dec2020 04:19:46.552] [Thread-312/INFO] [FTB Utilities Backups/]: Backing up 126 files...
[30Dec2020 04:19:46.554] [Thread-312/INFO] [FTB Utilities Backups/]: Compressing 126 files...
[30Dec2020 04:19:51.049] [Thread-312/INFO] [FTB Utilities Backups/]: Done compressing in 00:04 seconds (100.5MB)!
[30Dec2020 04:19:51.050] [Thread-312/INFO] [FTB Utilities Backups/]: Created C:\Users\migue\Downloads\Valhelsia_SERVER-3.1.2\backups\2020-12-30-04-19-46.zip from C:\Users\migue\Downloads\Valhelsia_SERVER-3.1.2\world
[30Dec2020 04:19:51.054] [Thread-312/INFO] [net.minecraft.server.dedicated.DedicatedServer/]: Server backup done in 00:04! (100.5MB | 216.1MB)
[30Dec2020 04:20:34.441] [Server thread/WARN] [net.minecraft.world.server.ServerWorld/]: Trying to add entity with duplicated UUID e4e1a520-30aa-4956-a806-59237b6b3184. Existing quark:frog#30144, new: quark:frog#30144
[30Dec2020 04:33:06.116] [Server thread/WARN] [net.minecraft.network.play.ServerPlayNetHandler/]: Horse (vehicle of Bukjir) moved wrongly! 0.40381247338348203
[30Dec2020 04:33:06.226] [Server thread/WARN] [net.minecraft.network.play.ServerPlayNetHandler/]: Horse (vehicle of Bukjir) moved wrongly! 0.4736971612018692
[30Dec2020 04:33:06.516] [Server thread/WARN] [net.minecraft.network.play.ServerPlayNetHandler/]: Horse (vehicle of Bukjir) moved wrongly! 0.2997395378488932
[30Dec2020 04:33:06.627] [Server thread/WARN] [net.minecraft.network.play.ServerPlayNetHandler/]: Horse (vehicle of Bukjir) moved wrongly! 0.36525256194937583
[30Dec2020 04:33:06.670] [Server thread/WARN] [net.minecraft.network.play.ServerPlayNetHandler/]: Horse (vehicle of Bukjir) moved wrongly! 0.4299924425309314
[30Dec2020 04:33:06.767] [Server thread/WARN] [net.minecraft.network.play.ServerPlayNetHandler/]: Horse (vehicle of Bukjir) moved wrongly! 0.42601996072409065
[30Dec2020 04:33:06.872] [Server thread/WARN] [net.minecraft.network.play.ServerPlayNetHandler/]: Horse (vehicle of Bukjir) moved wrongly! 0.4837301227400417
[30Dec2020 04:37:18.069] [Server thread/WARN] [net.minecraft.network.play.ServerPlayNetHandler/]: Horse (vehicle of Bukjir) moved wrongly! 0.26886800142750644
[30Dec2020 04:37:18.071] [Server thread/WARN] [net.minecraft.network.play.ServerPlayNetHandler/]: Horse (vehicle of Bukjir) moved wrongly! 0.8030318973021053
[30Dec2020 04:41:26.334] [Server thread/INFO] [net.minecraft.server.dedicated.DedicatedServer/]: pasadinhas has made the advancement [A Realistical Logical Ideologist]
[30Dec2020 04:55:58.742] [Server thread/INFO] [net.minecraft.network.play.ServerPlayNetHandler/]: Bukjir lost connection: Disconnected
[30Dec2020 04:55:58.742] [Server thread/INFO] [net.minecraft.server.dedicated.DedicatedServer/]: Bukjir left the game
[30Dec2020 04:56:08.739] [Server thread/INFO] [net.minecraft.network.play.ServerPlayNetHandler/]: pasadinhas lost connection: Disconnected
[30Dec2020 04:56:08.739] [Server thread/INFO] [net.minecraft.server.dedicated.DedicatedServer/]: pasadinhas left the game
[30Dec2020 04:56:31.188] [Server thread/INFO] [net.minecraft.server.dedicated.DedicatedServer/]: Saving the game (this may take a moment!)
[30Dec2020 04:56:31.261] [Server thread/INFO] [net.minecraft.server.dedicated.DedicatedServer/]: Saved the game
[30Dec2020 04:56:36.436] [Server thread/INFO] [net.minecraft.server.dedicated.DedicatedServer/]: Unknown or incomplete command, see below for error
[30Dec2020 04:56:36.436] [Server thread/INFO] [net.minecraft.server.dedicated.DedicatedServer/]: exit<--[HERE]
[30Dec2020 04:56:38.937] [Server thread/INFO] [net.minecraft.server.dedicated.DedicatedServer/]: Unknown or incomplete command, see below for error
[30Dec2020 04:56:38.937] [Server thread/INFO] [net.minecraft.server.dedicated.DedicatedServer/]: quit<--[HERE]
[30Dec2020 04:57:31.743] [Server thread/INFO] [net.minecraft.server.dedicated.DedicatedServer/]: /advancement (grant|revoke)
[30Dec2020 04:57:31.743] [Server thread/INFO] [net.minecraft.server.dedicated.DedicatedServer/]: /as (attune|constellation|exp|maximize|progress|reset)
[30Dec2020 04:57:31.746] [Server thread/INFO] [net.minecraft.server.dedicated.DedicatedServer/]: /astralsorcery -> as
[30Dec2020 04:57:31.747] [Server thread/INFO] [net.minecraft.server.dedicated.DedicatedServer/]: /attribute <target> <attribute> (base|get|modifier)
[30Dec2020 04:57:31.748] [Server thread/INFO] [net.minecraft.server.dedicated.DedicatedServer/]: /ban <targets> [<reason>]
[30Dec2020 04:57:31.749] [Server thread/INFO] [net.minecraft.server.dedicated.DedicatedServer/]: /ban-ip <target> [<reason>]
[30Dec2020 04:57:31.749] [Server thread/INFO] [net.minecraft.server.dedicated.DedicatedServer/]: /banlist [ips|players]
[30Dec2020 04:57:31.749] [Server thread/INFO] [net.minecraft.server.dedicated.DedicatedServer/]: /bookshelf (hand|lootchest|translate)
[30Dec2020 04:57:31.750] [Server thread/INFO] [net.minecraft.server.dedicated.DedicatedServer/]: /bossbar (add|get|list|remove|set)
[30Dec2020 04:57:31.751] [Server thread/INFO] [net.minecraft.server.dedicated.DedicatedServer/]: /carryon (clear|debug)
[30Dec2020 04:57:31.752] [Server thread/INFO] [net.minecraft.server.dedicated.DedicatedServer/]: /ccl (count|gc|killall|meminfo)
[30Dec2020 04:57:31.752] [Server thread/INFO] [net.minecraft.server.dedicated.DedicatedServer/]: /chickenchunks restrict player <players> (allow_offline|allowed_chunks|chunks_per_loader|offline_timeout|reset)
[30Dec2020 04:57:31.753] [Server thread/INFO] [net.minecraft.server.dedicated.DedicatedServer/]: /clear [<targets>]
[30Dec2020 04:57:31.754] [Server thread/INFO] [net.minecraft.server.dedicated.DedicatedServer/]: /clearcosarmor [<targets>]
[30Dec2020 04:57:31.754] [Server thread/INFO] [net.minecraft.server.dedicated.DedicatedServer/]: /clone <begin> <end> <destination> [filtered|masked|replace]
[30Dec2020 04:57:31.755] [Server thread/INFO] [net.minecraft.server.dedicated.DedicatedServer/]: /cofh (charge|enderchest|friend|heal|ignite|invis|invuln|repair|zap)
[30Dec2020 04:57:31.756] [Server thread/INFO] [net.minecraft.server.dedicated.DedicatedServer/]: /computercraft [dump|help|queue|shutdown|tp|track|turn-on|view]
[30Dec2020 04:57:31.762] [Server thread/INFO] [net.minecraft.server.dedicated.DedicatedServer/]: /config showfile <mod> <type>
[30Dec2020 04:57:31.764] [Server thread/INFO] [net.minecraft.server.dedicated.DedicatedServer/]: /create (chunk|clearRenderBuffers|fixLighting|overlay|toggleDebug)
[30Dec2020 04:57:31.766] [Server thread/INFO] [net.minecraft.server.dedicated.DedicatedServer/]: /curios (add|clear|lock|remove|reset|set|unlock)
[30Dec2020 04:57:31.767] [Server thread/INFO] [net.minecraft.server.dedicated.DedicatedServer/]: /data (get|merge|modify|remove)
[30Dec2020 04:57:31.767] [Server thread/INFO] [net.minecraft.server.dedicated.DedicatedServer/]: /datapack (disable|enable|list)
[30Dec2020 04:57:31.771] [Server thread/INFO] [net.minecraft.server.dedicated.DedicatedServer/]: /debug (report|start|stop)
[30Dec2020 04:57:31.772] [Server thread/INFO] [net.minecraft.server.dedicated.DedicatedServer/]: /defaultgamemode (adventure|creative|spectator|survival)
[30Dec2020 04:57:31.773] [Server thread/INFO] [net.minecraft.server.dedicated.DedicatedServer/]: /defaultoptions (saveAll|saveKeys|saveOptions|saveServers)
[30Dec2020 04:57:31.776] [Server thread/INFO] [net.minecraft.server.dedicated.DedicatedServer/]: /deop <targets>
[30Dec2020 04:57:31.777] [Server thread/INFO] [net.minecraft.server.dedicated.DedicatedServer/]: /difficulty [easy|hard|normal|peaceful]
[30Dec2020 04:57:31.778] [Server thread/INFO] [net.minecraft.server.dedicated.DedicatedServer/]: /dumpHandlers
[30Dec2020 04:57:31.779] [Server thread/INFO] [net.minecraft.server.dedicated.DedicatedServer/]: /effect (clear|give)
[30Dec2020 04:57:31.780] [Server thread/INFO] [net.minecraft.server.dedicated.DedicatedServer/]: /enchant <targets> <enchantment> [<level>]
[30Dec2020 04:57:31.780] [Server thread/INFO] [net.minecraft.server.dedicated.DedicatedServer/]: /execute (align|anchored|as|at|facing|if|in|positioned|rotated|run|store|unless)
[30Dec2020 04:57:31.781] [Server thread/INFO] [net.minecraft.server.dedicated.DedicatedServer/]: /experience (add|query|set)
[30Dec2020 04:57:31.782] [Server thread/INFO] [net.minecraft.server.dedicated.DedicatedServer/]: /fill <from> <to> <block> [destroy|hollow|keep|outline|replace]
[30Dec2020 04:57:31.782] [Server thread/INFO] [net.minecraft.server.dedicated.DedicatedServer/]: /forceload (add|query|remove)
[30Dec2020 04:57:31.783] [Server thread/INFO] [net.minecraft.server.dedicated.DedicatedServer/]: /forge (dimensions|entity|generate|mods|setdimension|tps|track)
[30Dec2020 04:57:31.784] [Server thread/INFO] [net.minecraft.server.dedicated.DedicatedServer/]: /ftbbackups (size|start|time)
[30Dec2020 04:57:31.784] [Server thread/INFO] [net.minecraft.server.dedicated.DedicatedServer/]: /function <name>
[30Dec2020 04:57:31.785] [Server thread/INFO] [net.minecraft.server.dedicated.DedicatedServer/]: /gamemode (adventure|creative|spectator|survival)
[30Dec2020 04:57:31.786] [Server thread/INFO] [net.minecraft.server.dedicated.DedicatedServer/]: /gamerule (announceAdvancements|asIgnoreSkylightCheck|commandBlockOutput|disableElytraMovementCheck|disableRaids|doDaylightCycle|doEntityDrops|doFireTick|doImmediateRespawn|doInsomnia|doLimitedCrafting|doMobLoot|doMobSpawning|doPatrolSpawning|doTileDrops|doTraderSpawning|doWeatherCycle|drowningDamage|fallDamage|fireDamage|forgiveDeadPlayers|keepInventory|logAdminCommands|maxCommandChainLength|maxEntityCramming|mobGriefing|naturalRegeneration|randomTickSpeed|reducedDebugInfo|sendCommandFeedback|showDeathMessages|spawnRadius|spectatorsGenerateChunks|universalAnger)
[30Dec2020 04:57:31.787] [Server thread/INFO] [net.minecraft.server.dedicated.DedicatedServer/]: /give <targets> <item> [<count>]
[30Dec2020 04:57:31.787] [Server thread/INFO] [net.minecraft.server.dedicated.DedicatedServer/]: /help [<command>]
[30Dec2020 04:57:31.787] [Server thread/INFO] [net.minecraft.server.dedicated.DedicatedServer/]: /ie (clearshaders|mineral|resetmanual|resetrender)
[30Dec2020 04:57:31.788] [Server thread/INFO] [net.minecraft.server.dedicated.DedicatedServer/]: /invsorter [bladd|blremove|list|showlast]
[30Dec2020 04:57:31.789] [Server thread/INFO] [net.minecraft.server.dedicated.DedicatedServer/]: /ip reservoir (get|list|setAmount|setCapacity|setTest)
[30Dec2020 04:57:31.793] [Server thread/INFO] [net.minecraft.server.dedicated.DedicatedServer/]: /kick <targets> [<reason>]
[30Dec2020 04:57:31.794] [Server thread/INFO] [net.minecraft.server.dedicated.DedicatedServer/]: /kill [<targets>]
[30Dec2020 04:57:31.795] [Server thread/INFO] [net.minecraft.server.dedicated.DedicatedServer/]: /kiwi cleanWorld
[30Dec2020 04:57:31.795] [Server thread/INFO] [net.minecraft.server.dedicated.DedicatedServer/]: /kjs_hand
[30Dec2020 04:57:31.796] [Server thread/INFO] [net.minecraft.server.dedicated.DedicatedServer/]: /kubejs (check_recipe_conflicts|hand|input_recipes|list_tag|output_recipes|wiki)
[30Dec2020 04:57:31.797] [Server thread/INFO] [net.minecraft.server.dedicated.DedicatedServer/]: /list [uuids]
[30Dec2020 04:57:31.797] [Server thread/INFO] [net.minecraft.server.dedicated.DedicatedServer/]: /locate (astralsorcery:ancient_shrine|astralsorcery:desert_shrine|astralsorcery:small_shrine|bastion_remnant|bettermineshafts:mineshaft|buried_treasure|conjurer_illager:theatre|desert_pyramid|eidolon:catacomb|eidolon:lab|eidolon:stray_tower|endcity|fortress|igloo|jungle_pyramid|mansion|mineshaft|monument|mysticalworld:barrow|mysticalworld:hut|mysticalworld:ruined_hut|nether_fossil|ocean_ruin|pillager_outpost|quark:big_dungeon|ruined_portal|shipwreck|stronghold|swamp_hut|valhelsia_structures:castle|valhelsia_structures:castle_ruin|valhelsia_structures:desert_house|valhelsia_structures:forge|valhelsia_structures:player_house|valhelsia_structures:small_castle|valhelsia_structures:small_dungeon|valhelsia_structures:tower_ruin|village)
[30Dec2020 04:57:31.798] [Server thread/INFO] [net.minecraft.server.dedicated.DedicatedServer/]: /locatebiome <biome>
[30Dec2020 04:57:31.799] [Server thread/INFO] [net.minecraft.server.dedicated.DedicatedServer/]: /loot (give|insert|replace|spawn)
[30Dec2020 04:57:31.800] [Server thread/INFO] [net.minecraft.server.dedicated.DedicatedServer/]: /mc (backup|citizens|colony|forceunloadchunks|help|home|kill|prune-world-now|raid-All|resetsupplies|rtp|whereami|whoami)
[30Dec2020 04:57:31.800] [Server thread/INFO] [net.minecraft.server.dedicated.DedicatedServer/]: /me <action>
[30Dec2020 04:57:31.801] [Server thread/INFO] [net.minecraft.server.dedicated.DedicatedServer/]: /mek (chunk|debug|radiation|retrogen|testrules)
[30Dec2020 04:57:31.802] [Server thread/INFO] [net.minecraft.server.dedicated.DedicatedServer/]: /minecolonies (backup|citizens|colony|forceunloadchunks|help|home|kill|prune-world-now|raid-All|resetsupplies|rtp|whereami|whoami)
[30Dec2020 04:57:31.802] [Server thread/INFO] [net.minecraft.server.dedicated.DedicatedServer/]: /msg <targets> <message>
[30Dec2020 04:57:31.803] [Server thread/INFO] [net.minecraft.server.dedicated.DedicatedServer/]: /op <targets>
[30Dec2020 04:57:31.803] [Server thread/INFO] [net.minecraft.server.dedicated.DedicatedServer/]: /open-patchouli-book <targets> <book> [<entry>]
[30Dec2020 04:57:31.804] [Server thread/INFO] [net.minecraft.server.dedicated.DedicatedServer/]: /pardon <targets>
[30Dec2020 04:57:31.810] [Server thread/INFO] [net.minecraft.server.dedicated.DedicatedServer/]: /pardon-ip <target>
[30Dec2020 04:57:31.810] [Server thread/INFO] [net.minecraft.server.dedicated.DedicatedServer/]: /particle <name> [<pos>]
[30Dec2020 04:57:31.810] [Server thread/INFO] [net.minecraft.server.dedicated.DedicatedServer/]: /performant (collidenearby|disableLoadBalancing|enableLoadBalancing|recordMessages|reportEntities|reportEvents|reportMessages|reportTileEntities|startGatherData|whatsnearby)
[30Dec2020 04:57:31.811] [Server thread/INFO] [net.minecraft.server.dedicated.DedicatedServer/]: /playsound <sound> (ambient|block|hostile|master|music|neutral|player|record|voice|weather)
[30Dec2020 04:57:31.811] [Server thread/INFO] [net.minecraft.server.dedicated.DedicatedServer/]: /polymorph conflicts
[30Dec2020 04:57:31.811] [Server thread/INFO] [net.minecraft.server.dedicated.DedicatedServer/]: /recipe (give|take)
[30Dec2020 04:57:31.812] [Server thread/INFO] [net.minecraft.server.dedicated.DedicatedServer/]: /refinedstorage (disk|network|pattern)
[30Dec2020 04:57:31.813] [Server thread/INFO] [net.minecraft.server.dedicated.DedicatedServer/]: /reload
[30Dec2020 04:57:31.813] [Server thread/INFO] [net.minecraft.server.dedicated.DedicatedServer/]: /replaceitem (block|entity)
[30Dec2020 04:57:31.814] [Server thread/INFO] [net.minecraft.server.dedicated.DedicatedServer/]: /rpconfigreload
[30Dec2020 04:57:31.815] [Server thread/INFO] [net.minecraft.server.dedicated.DedicatedServer/]: /runelic (book|hand|say|tile)
[30Dec2020 04:57:31.815] [Server thread/INFO] [net.minecraft.server.dedicated.DedicatedServer/]: /save-all [flush]
[30Dec2020 04:57:31.816] [Server thread/INFO] [net.minecraft.server.dedicated.DedicatedServer/]: /save-off
[30Dec2020 04:57:31.817] [Server thread/INFO] [net.minecraft.server.dedicated.DedicatedServer/]: /save-on
[30Dec2020 04:57:31.818] [Server thread/INFO] [net.minecraft.server.dedicated.DedicatedServer/]: /say <message>
[30Dec2020 04:57:31.818] [Server thread/INFO] [net.minecraft.server.dedicated.DedicatedServer/]: /schedule (clear|function)
[30Dec2020 04:57:31.819] [Server thread/INFO] [net.minecraft.server.dedicated.DedicatedServer/]: /scoreboard (objectives|players)
[30Dec2020 04:57:31.823] [Server thread/INFO] [net.minecraft.server.dedicated.DedicatedServer/]: /seed
[30Dec2020 04:57:31.823] [Server thread/INFO] [net.minecraft.server.dedicated.DedicatedServer/]: /setblock <pos> <block> [destroy|keep|replace]
[30Dec2020 04:57:31.824] [Server thread/INFO] [net.minecraft.server.dedicated.DedicatedServer/]: /setidletimeout <minutes>
[30Dec2020 04:57:31.825] [Server thread/INFO] [net.minecraft.server.dedicated.DedicatedServer/]: /setworldspawn [<pos>]
[30Dec2020 04:57:31.826] [Server thread/INFO] [net.minecraft.server.dedicated.DedicatedServer/]: /spawnpoint [<targets>]
[30Dec2020 04:57:31.826] [Server thread/INFO] [net.minecraft.server.dedicated.DedicatedServer/]: /spectate [<target>]
[30Dec2020 04:57:31.827] [Server thread/INFO] [net.minecraft.server.dedicated.DedicatedServer/]: /spreadplayers <center> <spreadDistance> <maxRange> (under|<respectTeams>)
[30Dec2020 04:57:31.828] [Server thread/INFO] [net.minecraft.server.dedicated.DedicatedServer/]: /stop
[30Dec2020 04:57:31.829] [Server thread/INFO] [net.minecraft.server.dedicated.DedicatedServer/]: /stopsound <targets> [*|ambient|block|hostile|master|music|neutral|player|record|voice|weather]
[30Dec2020 04:57:31.829] [Server thread/INFO] [net.minecraft.server.dedicated.DedicatedServer/]: /structure_gel (biomedict|getspawns|savestructures)
[30Dec2020 04:57:31.830] [Server thread/INFO] [net.minecraft.server.dedicated.DedicatedServer/]: /structurize (linksession|scan)
[30Dec2020 04:57:31.830] [Server thread/INFO] [net.minecraft.server.dedicated.DedicatedServer/]: /summon <entity> [<pos>]
[30Dec2020 04:57:31.831] [Server thread/INFO] [net.minecraft.server.dedicated.DedicatedServer/]: /tag <targets> (add|list|remove)
[30Dec2020 04:57:31.832] [Server thread/INFO] [net.minecraft.server.dedicated.DedicatedServer/]: /team (add|empty|join|leave|list|modify|remove)
[30Dec2020 04:57:31.832] [Server thread/INFO] [net.minecraft.server.dedicated.DedicatedServer/]: /teammsg <message>
[30Dec2020 04:57:31.833] [Server thread/INFO] [net.minecraft.server.dedicated.DedicatedServer/]: /teleport (<destination>|<location>|<targets>)
[30Dec2020 04:57:31.834] [Server thread/INFO] [net.minecraft.server.dedicated.DedicatedServer/]: /tell -> msg
[30Dec2020 04:57:31.839] [Server thread/INFO] [net.minecraft.server.dedicated.DedicatedServer/]: /tellraw <targets> <message>
[30Dec2020 04:57:31.839] [Server thread/INFO] [net.minecraft.server.dedicated.DedicatedServer/]: /tgen <feature> [<pos>]
[30Dec2020 04:57:31.840] [Server thread/INFO] [net.minecraft.server.dedicated.DedicatedServer/]: /time (add|query|set)
[30Dec2020 04:57:31.841] [Server thread/INFO] [net.minecraft.server.dedicated.DedicatedServer/]: /titanium-rewards <action> <reward> <option>
[30Dec2020 04:57:31.841] [Server thread/INFO] [net.minecraft.server.dedicated.DedicatedServer/]: /titanium-rewards-grant <reward>
[30Dec2020 04:57:31.842] [Server thread/INFO] [net.minecraft.server.dedicated.DedicatedServer/]: /title <targets> (actionbar|clear|reset|subtitle|times|title)
[30Dec2020 04:57:31.842] [Server thread/INFO] [net.minecraft.server.dedicated.DedicatedServer/]: /tm -> teammsg
[30Dec2020 04:57:31.843] [Server thread/INFO] [net.minecraft.server.dedicated.DedicatedServer/]: /tmdev <item> <module>
[30Dec2020 04:57:31.844] [Server thread/INFO] [net.minecraft.server.dedicated.DedicatedServer/]: /tp -> teleport
[30Dec2020 04:57:31.844] [Server thread/INFO] [net.minecraft.server.dedicated.DedicatedServer/]: /trigger <objective> [add|set]
[30Dec2020 04:57:31.845] [Server thread/INFO] [net.minecraft.server.dedicated.DedicatedServer/]: /w -> msg
[30Dec2020 04:57:31.846] [Server thread/INFO] [net.minecraft.server.dedicated.DedicatedServer/]: /weather (clear|rain|thunder)
[30Dec2020 04:57:31.846] [Server thread/INFO] [net.minecraft.server.dedicated.DedicatedServer/]: /whitelist (add|list|off|on|reload|remove)
[30Dec2020 04:57:31.847] [Server thread/INFO] [net.minecraft.server.dedicated.DedicatedServer/]: /worldborder (add|center|damage|get|set|warning)
[30Dec2020 04:57:31.847] [Server thread/INFO] [net.minecraft.server.dedicated.DedicatedServer/]: /xp -> experience
[30Dec2020 04:57:46.186] [Server thread/INFO] [net.minecraft.server.dedicated.DedicatedServer/]: Stopping the server
[30Dec2020 04:57:46.261] [Server thread/INFO] [net.minecraft.server.MinecraftServer/]: Stopping server
[30Dec2020 04:57:46.262] [Server thread/INFO] [net.minecraft.server.MinecraftServer/]: Saving players
[30Dec2020 04:57:46.262] [Server thread/INFO] [net.minecraft.server.MinecraftServer/]: Saving worlds
[30Dec2020 04:57:46.262] [Server thread/INFO] [net.minecraft.server.MinecraftServer/]: Saving chunks for level 'ServerLevel[world]'/minecraft:overworld
[30Dec2020 04:57:46.313] [Server thread/INFO] [net.minecraft.world.server.ChunkManager/]: ThreadedAnvilChunkStorage (world): All chunks are saved
[30Dec2020 04:57:46.313] [Server thread/INFO] [net.minecraft.server.MinecraftServer/]: Saving chunks for level 'ServerLevel[world]'/minecraft:the_nether
[30Dec2020 04:57:46.314] [Server thread/INFO] [net.minecraft.world.server.ChunkManager/]: ThreadedAnvilChunkStorage (DIM-1): All chunks are saved
[30Dec2020 04:57:46.314] [Server thread/INFO] [net.minecraft.server.MinecraftServer/]: Saving chunks for level 'ServerLevel[world]'/minecraft:the_end
[30Dec2020 04:57:46.315] [Server thread/INFO] [net.minecraft.world.server.ChunkManager/]: ThreadedAnvilChunkStorage (DIM1): All chunks are saved
[30Dec2020 04:57:46.400] [Server thread/INFO] [net.minecraft.world.server.ChunkManager/]: ThreadedAnvilChunkStorage (world): All chunks are saved
[30Dec2020 04:57:46.445] [Server thread/INFO] [net.minecraft.world.server.ChunkManager/]: ThreadedAnvilChunkStorage (DIM-1): All chunks are saved
[30Dec2020 04:57:46.446] [Server thread/INFO] [net.minecraft.world.server.ChunkManager/]: ThreadedAnvilChunkStorage (DIM1): All chunks are saved
[30Dec2020 04:57:46.457] [Server thread/INFO] [FluxNetworks/]: FluxNetworkData has been unloaded
